********************************************
Fri Dec 24 01:26:01 2021
脚本开始解释执行
当前运行的脚本是:t0.txt


你好,请问有什么可以帮您

用户输入：投诉

您的意见是我们改进工作的动力，请问您还有什么补充

用户输入：fdhinac

你好,请问有什么可以帮您

用户输入：投诉

您的意见是我们改进工作的动力，请问您还有什么补充

用户输入：

你好,请问有什么可以帮您

用户输入：充值

请输入充值账户

用户输入：rcx

您的余额目前是49.0元
请输入充值金额

用户输入：3.0

充值中，请稍等
您的余额目前是52.0元
你好,请问有什么可以帮您

用户输入：账单

请输入你的账户

用户输入：rcx

您的本月账单是20.0元
你好,请问有什么可以帮您

用户输入：投诉

您的意见是我们改进工作的动力，请问您还有什么补充

用户输入：xixixiixxxisovnsnd

你好,请问有什么可以帮您

用户输入：退出

感谢你的来电，再见

在第75行，脚本遇到退出命令，结束运行


Fri Dec 24 01:26:07 2021
脚本解释执行结束
********************************************
********************************************
Fri Dec 24 01:29:27 2021
脚本开始解释执行
当前运行的脚本是:t0.txt


你好,请问有什么可以帮您

用户输入：投诉

您的意见是我们改进工作的动力，请问您还有什么补充

用户输入：fdhinac

你好,请问有什么可以帮您

用户输入：投诉

您的意见是我们改进工作的动力，请问您还有什么补充

用户输入：

你好,请问有什么可以帮您

用户输入：充值

请输入充值账户

用户输入：rcx

您的余额目前是52.0元
请输入充值金额

用户输入：3.0

充值中，请稍等
您的余额目前是55.0元
你好,请问有什么可以帮您

用户输入：账单

请输入你的账户

用户输入：rcx

您的本月账单是20.0元
你好,请问有什么可以帮您

用户输入：投诉

您的意见是我们改进工作的动力，请问您还有什么补充

用户输入：xixixiixxxisovnsnd

你好,请问有什么可以帮您

用户输入：退出

感谢你的来电，再见

在第75行，脚本遇到退出命令，结束运行


Fri Dec 24 01:29:32 2021
脚本解释执行结束
********************************************
********************************************
Fri Dec 24 01:29:52 2021
脚本开始解释执行
当前运行的脚本是:t0.txt


你好,请问有什么可以帮您

用户输入：投诉

您的意见是我们改进工作的动力，请问您还有什么补充

用户输入：fdhinac

你好,请问有什么可以帮您

用户输入：投诉

您的意见是我们改进工作的动力，请问您还有什么补充

用户输入：

你好,请问有什么可以帮您

用户输入：充值

请输入充值账户

用户输入：rcx

您的余额目前是55.0元
请输入充值金额

用户输入：3.0

充值中，请稍等
您的余额目前是58.0元
你好,请问有什么可以帮您

用户输入：账单

请输入你的账户

用户输入：rcx

您的本月账单是20.0元
你好,请问有什么可以帮您

用户输入：投诉

您的意见是我们改进工作的动力，请问您还有什么补充

用户输入：xixixiixxxisovnsnd

你好,请问有什么可以帮您

用户输入：退出

感谢你的来电，再见

在第75行，脚本遇到退出命令，结束运行


Fri Dec 24 01:29:57 2021
脚本解释执行结束
********************************************
********************************************
Fri Dec 24 01:33:37 2021
脚本开始解释执行
当前运行的脚本是:t0.txt


你好,请问有什么可以帮您

用户输入：投诉

您的意见是我们改进工作的动力，请问您还有什么补充

用户输入：fdhinac

你好,请问有什么可以帮您

用户输入：投诉

您的意见是我们改进工作的动力，请问您还有什么补充

用户输入：

你好,请问有什么可以帮您

用户输入：充值

请输入充值账户

用户输入：rcx

您的余额目前是58.0元
请输入充值金额

用户输入：3.0

充值中，请稍等
您的余额目前是61.0元
你好,请问有什么可以帮您

用户输入：账单

请输入你的账户

用户输入：rcx

您的本月账单是20.0元
你好,请问有什么可以帮您

用户输入：投诉

您的意见是我们改进工作的动力，请问您还有什么补充

用户输入：xixixiixxxisovnsnd

你好,请问有什么可以帮您

用户输入：退出

感谢你的来电，再见

在第75行，脚本遇到退出命令，结束运行


Fri Dec 24 01:33:43 2021
脚本解释执行结束
********************************************
********************************************
Fri Dec 24 01:37:19 2021
脚本开始解释执行
当前运行的脚本是:t0.txt


********************************************
Fri Dec 24 01:38:17 2021
脚本开始解释执行
当前运行的脚本是:t0.txt


你好,请问有什么可以帮您

用户输入：投诉

您的意见是我们改进工作的动力，请问您还有什么补充

用户输入：fdhinac

你好,请问有什么可以帮您

用户输入：投诉

您的意见是我们改进工作的动力，请问您还有什么补充

用户输入：

你好,请问有什么可以帮您

用户输入：充值

请输入充值账户

用户输入：rcx

您的余额目前是61.0元
请输入充值金额

用户输入：3.0

充值中，请稍等
您的余额目前是64.0元
你好,请问有什么可以帮您

用户输入：账单

请输入你的账户

用户输入：rcx

您的本月账单是20.0元
你好,请问有什么可以帮您

用户输入：投诉

您的意见是我们改进工作的动力，请问您还有什么补充

用户输入：xixixiixxxisovnsnd

你好,请问有什么可以帮您

用户输入：退出

感谢你的来电，再见

在第75行，脚本遇到退出命令，结束运行


Fri Dec 24 01:38:22 2021
脚本解释执行结束
********************************************
********************************************
Fri Dec 24 01:41:32 2021
脚本开始解释执行
当前运行的脚本是:./script/t0.txt


你好,请问有什么可以帮您

用户输入：投诉

您的意见是我们改进工作的动力，请问您还有什么补充

用户输入：fdhinac

你好,请问有什么可以帮您

用户输入：投诉

您的意见是我们改进工作的动力，请问您还有什么补充

用户输入：

你好,请问有什么可以帮您

用户输入：充值

请输入充值账户

用户输入：rcx

您的余额目前是64.0元
请输入充值金额

用户输入：3.0

充值中，请稍等
您的余额目前是67.0元
你好,请问有什么可以帮您

用户输入：账单

请输入你的账户

用户输入：rcx

您的本月账单是20.0元
你好,请问有什么可以帮您

用户输入：投诉

您的意见是我们改进工作的动力，请问您还有什么补充

用户输入：xixixiixxxisovnsnd

你好,请问有什么可以帮您

用户输入：退出

感谢你的来电，再见

在第75行，脚本遇到退出命令，结束运行


Fri Dec 24 01:41:38 2021
脚本解释执行结束
********************************************
********************************************
Sat Dec 25 14:34:03 2021
脚本开始解释执行
当前运行的脚本是:./script/t0.txt


你好,请问有什么可以帮您

用户输入：查账单

请输入你的账户

用户输入：rcx

您的本月账单是20.0元
你好,请问有什么可以帮您

用户输入：gun

对不起，没能为您提供帮助，再见


Sat Dec 25 14:34:18 2021
脚本解释执行结束
********************************************
********************************************
Sat Dec 25 14:39:56 2021
脚本开始解释执行
当前运行的脚本是:./script/t0.txt


你好,请问有什么可以帮您
********************************************
Sat Dec 25 15:13:14 2021
脚本开始解释执行
不存在该脚本或脚本有词法错误


Sat Dec 25 15:13:14 2021
脚本解释执行结束
********************************************
********************************************
Sat Dec 25 15:14:18 2021
脚本开始解释执行
当前运行的脚本是:./script/t0.txt


你好,请问有什么可以帮您

用户输入：你好

对不起，无法理解您所说的内容，请说再一遍
你好,请问有什么可以帮您

用户输入：查账单

请输入你的账户

用户输入：rcx

您的本月账单是20.0元
你好,请问有什么可以帮您

用户输入：退出

感谢你的来电，再见

在第75行，脚本遇到退出命令，结束运行


Sat Dec 25 15:20:03 2021
脚本解释执行结束
********************************************
********************************************
Mon Dec 27 12:03:03 2021
脚本开始解释执行
当前运行的脚本是:./script/t0.txt


你好,请问有什么可以帮您

用户输入：ncz

对不起，无法理解您所说的内容，请说再一遍
你好,请问有什么可以帮您

用户输入：

没听清您的要求，请说再一遍
你好,请问有什么可以帮您

用户输入：账单

请输入你的账户

用户输入：rcx

您的本月账单是20.0元
你好,请问有什么可以帮您

用户输入：投诉

您的意见是我们改进工作的动力，请问您还有什么补充

用户输入：ncbibds

你好,请问有什么可以帮您

用户输入：充值

请输入充值账户

用户输入：rcx

您的余额目前是67.0元
请输入充值金额

用户输入：3.0

充值中，请稍等
您的余额目前是70.0元
你好,请问有什么可以帮您

用户输入：退出

感谢你的来电，再见

在第75行，脚本遇到退出命令，结束运行


Mon Dec 27 12:04:18 2021
脚本解释执行结束
********************************************
********************************************
Mon Dec 27 12:05:41 2021
脚本开始解释执行
当前运行的脚本是:./script/t0.txt


你好,请问有什么可以帮您

用户输入：投诉

您的意见是我们改进工作的动力，请问您还有什么补充

用户输入：fdhinac

你好,请问有什么可以帮您

用户输入：投诉

您的意见是我们改进工作的动力，请问您还有什么补充

用户输入：

你好,请问有什么可以帮您

用户输入：充值

请输入充值账户

用户输入：rcx

您的余额目前是70.0元
请输入充值金额

用户输入：3.0

充值中，请稍等
您的余额目前是73.0元
你好,请问有什么可以帮您

用户输入：账单

请输入你的账户

用户输入：rcx

您的本月账单是20.0元
你好,请问有什么可以帮您

用户输入：投诉

您的意见是我们改进工作的动力，请问您还有什么补充

用户输入：xixixiixxxisovnsnd

你好,请问有什么可以帮您

用户输入：退出

感谢你的来电，再见

在第75行，脚本遇到退出命令，结束运行


Mon Dec 27 12:05:46 2021
脚本解释执行结束
********************************************
********************************************
Mon Dec 27 12:07:53 2021
脚本开始解释执行
当前运行的脚本是:./script/t0.txt


你好,请问有什么可以帮您

用户输入：投诉

您的意见是我们改进工作的动力，请问您还有什么补充

用户输入：fdhinac

你好,请问有什么可以帮您

用户输入：投诉

您的意见是我们改进工作的动力，请问您还有什么补充

用户输入：

你好,请问有什么可以帮您

用户输入：充值

请输入充值账户

用户输入：rcx

您的余额目前是73.0元
请输入充值金额

用户输入：3.0

充值中，请稍等
您的余额目前是76.0元
你好,请问有什么可以帮您

用户输入：账单

请输入你的账户

用户输入：rcx

您的本月账单是20.0元
你好,请问有什么可以帮您

用户输入：投诉

您的意见是我们改进工作的动力，请问您还有什么补充

用户输入：xixixiixxxisovnsnd

你好,请问有什么可以帮您

用户输入：退出

感谢你的来电，再见

在第75行，脚本遇到退出命令，结束运行


Mon Dec 27 12:07:58 2021
脚本解释执行结束
********************************************
********************************************
Thu Dec 30 11:40:54 2021
脚本开始解释执行
当前运行的脚本是:./script/t0.txt


你好,请问有什么可以帮您
********************************************
Thu Dec 30 11:43:25 2021
脚本开始解释执行
当前运行的脚本是:./script/t2.txt


该脚本有词法错误，错误出现在第1行


Thu Dec 30 11:43:25 2021
脚本解释执行结束
********************************************
不存在该脚本或脚本有词法错误


Thu Dec 30 11:43:25 2021
脚本解释执行结束
********************************************
********************************************
Thu Dec 30 11:44:03 2021
脚本开始解释执行
当前运行的脚本是:./script/t2.txt


该脚本有语法错误，在第3行


Thu Dec 30 11:44:03 2021
脚本解释执行结束
********************************************
********************************************
Thu Dec 30 11:44:27 2021
脚本开始解释执行
当前运行的脚本是:./script/t2.txt


该脚本有语法错误，在第3行


Thu Dec 30 11:44:27 2021
脚本解释执行结束
********************************************
********************************************
Thu Dec 30 11:46:00 2021
脚本开始解释执行
当前运行的脚本是:./script/t2.txt


该脚本有语法错误，在第3行


Thu Dec 30 11:46:00 2021
脚本解释执行结束
********************************************
********************************************
Thu Dec 30 11:47:55 2021
脚本开始解释执行
当前运行的脚本是:./script/t0.txt


********************************************
Thu Dec 30 11:48:23 2021
脚本开始解释执行
当前运行的脚本是:./script/t2.txt


该脚本有语法错误，在第3行


Thu Dec 30 11:48:23 2021
脚本解释执行结束
********************************************
********************************************
Thu Dec 30 11:50:03 2021
脚本开始解释执行
当前运行的脚本是:./script/t2.txt


该脚本有语法错误，在第4行


Thu Dec 30 11:50:03 2021
脚本解释执行结束
********************************************
********************************************
Thu Dec 30 11:50:44 2021
脚本开始解释执行
当前运行的脚本是:./script/t2.txt


该脚本有语法错误，在第4行


Thu Dec 30 11:50:44 2021
脚本解释执行结束
********************************************
********************************************
Thu Dec 30 11:51:09 2021
脚本开始解释执行
当前运行的脚本是:./script/t2.txt


********************************************
Thu Dec 30 11:52:52 2021
脚本开始解释执行
当前运行的脚本是:./script/t2.txt


********************************************
Thu Dec 30 11:53:06 2021
脚本开始解释执行
当前运行的脚本是:./script/t2.txt


该脚本有语法错误，在第4行


Thu Dec 30 11:53:49 2021
脚本解释执行结束
********************************************
********************************************
Thu Dec 30 11:54:21 2021
脚本开始解释执行
当前运行的脚本是:./script/t2.txt


您本月的账单是20.0


Thu Dec 30 11:54:26 2021
脚本解释执行结束
********************************************
********************************************
Thu Dec 30 11:57:01 2021
脚本开始解释执行
当前运行的脚本是:./script/t0.txt


你好,请问有什么可以帮您

用户输入：投诉

您的意见是我们改进工作的动力，请问您还有什么补充

用户输入：fdhinac

你好,请问有什么可以帮您

用户输入：投诉

您的意见是我们改进工作的动力，请问您还有什么补充

用户输入：

你好,请问有什么可以帮您

用户输入：充值

请输入充值账户

用户输入：rcx

您的余额目前是76.0元
请输入充值金额

用户输入：3.0

充值中，请稍等
您的余额目前是79.0元
你好,请问有什么可以帮您

用户输入：账单

请输入你的账户

用户输入：rcx

您的本月账单是20.0元
你好,请问有什么可以帮您

用户输入：投诉

您的意见是我们改进工作的动力，请问您还有什么补充

用户输入：xixixiixxxisovnsnd

你好,请问有什么可以帮您

用户输入：退出

感谢你的来电，再见

在第75行，脚本遇到退出命令，结束运行


Thu Dec 30 11:57:06 2021
脚本解释执行结束
********************************************
********************************************
Thu Dec 30 11:57:06 2021
脚本开始解释执行
当前运行的脚本是:./script/t2.txt


********************************************
Thu Dec 30 11:59:14 2021
脚本开始解释执行
当前运行的脚本是:./script/t2.txt


您本月的账单是20.0


Thu Dec 30 11:59:14 2021
脚本解释执行结束
********************************************
********************************************
Thu Dec 30 11:59:43 2021
脚本开始解释执行
当前运行的脚本是:./script/t0.txt


你好,请问有什么可以帮您

用户输入：4456

对不起，无法理解您所说的内容，请说再一遍
你好,请问有什么可以帮您

用户输入：145x3

对不起，无法理解您所说的内容，请说再一遍
你好,请问有什么可以帮您

用户输入：

没听清您的要求，请说再一遍
你好,请问有什么可以帮您

用户输入：

没听清您的要求，请说再一遍
你好,请问有什么可以帮您

用户输入：账单

请输入你的账户

用户输入：rcx

您的本月账单是20.0元
你好,请问有什么可以帮您

用户输入：充值

请输入充值账户

用户输入：rcx

您的余额目前是79.0元
请输入充值金额

用户输入：15.0

充值中，请稍等
您的余额目前是94.0元
你好,请问有什么可以帮您

用户输入：投诉

您的意见是我们改进工作的动力，请问您还有什么补充

用户输入：fdbikvnsbzc

你好,请问有什么可以帮您

用户输入：退出

感谢你的来电，再见

在第75行，脚本遇到退出命令，结束运行


Thu Dec 30 12:00:52 2021
脚本解释执行结束
********************************************
********************************************
Thu Dec 30 12:03:17 2021
脚本开始解释执行
当前运行的脚本是:./script/t0.txt


你好,请问有什么可以帮您

用户输入：投诉

您的意见是我们改进工作的动力，请问您还有什么补充

用户输入：fdhinac

你好,请问有什么可以帮您

用户输入：投诉

您的意见是我们改进工作的动力，请问您还有什么补充

用户输入：

你好,请问有什么可以帮您

用户输入：充值

请输入充值账户

用户输入：rcx

您的余额目前是94.0元
请输入充值金额

用户输入：3.0

充值中，请稍等
您的余额目前是97.0元
你好,请问有什么可以帮您

用户输入：账单

请输入你的账户

用户输入：rcx

您的本月账单是20.0元
你好,请问有什么可以帮您

用户输入：投诉

您的意见是我们改进工作的动力，请问您还有什么补充

用户输入：xixixiixxxisovnsnd

你好,请问有什么可以帮您

用户输入：退出

感谢你的来电，再见

在第75行，脚本遇到退出命令，结束运行


Thu Dec 30 12:03:22 2021
脚本解释执行结束
********************************************
********************************************
Thu Dec 30 12:03:22 2021
脚本开始解释执行
当前运行的脚本是:./script/t2.txt


********************************************
Thu Dec 30 12:04:49 2021
脚本开始解释执行
********************************************
Thu Dec 30 12:04:49 2021
脚本开始解释执行
当前运行的脚本是:./script/t0.txt


你好,请问有什么可以帮您

用户输入：投诉

您的意见是我们改进工作的动力，请问您还有什么补充

用户输入：fdhinac

你好,请问有什么可以帮您

用户输入：投诉

您的意见是我们改进工作的动力，请问您还有什么补充

用户输入：

你好,请问有什么可以帮您

用户输入：充值

请输入充值账户

用户输入：rcx

您的余额目前是97.0元
请输入充值金额

用户输入：3.0

充值中，请稍等
您的余额目前是100.0元
你好,请问有什么可以帮您

用户输入：账单

请输入你的账户

用户输入：rcx

您的本月账单是20.0元
你好,请问有什么可以帮您

用户输入：投诉

您的意见是我们改进工作的动力，请问您还有什么补充

用户输入：xixixiixxxisovnsnd

你好,请问有什么可以帮您

用户输入：退出

感谢你的来电，再见

在第75行，脚本遇到退出命令，结束运行


Thu Dec 30 12:04:54 2021
脚本解释执行结束
********************************************
********************************************
Thu Dec 30 12:07:32 2021
脚本开始解释执行
当前运行的脚本是:./script/t2.txt


********************************************
Thu Dec 30 12:07:32 2021
脚本开始解释执行
当前运行的脚本是:./script/t0.txt




Thu Dec 30 12:07:32 2021
脚本解释执行结束
********************************************
你好,请问有什么可以帮您

用户输入：投诉

您的意见是我们改进工作的动力，请问您还有什么补充

用户输入：fdhinac

你好,请问有什么可以帮您

用户输入：投诉

您的意见是我们改进工作的动力，请问您还有什么补充

用户输入：

你好,请问有什么可以帮您

用户输入：充值

请输入充值账户

用户输入：rcx

您的余额目前是100.0元
请输入充值金额

用户输入：3.0

充值中，请稍等
您的余额目前是103.0元
你好,请问有什么可以帮您

用户输入：账单

请输入你的账户

用户输入：rcx

您的本月账单是20.0元
你好,请问有什么可以帮您

用户输入：投诉

您的意见是我们改进工作的动力，请问您还有什么补充

用户输入：xixixiixxxisovnsnd

你好,请问有什么可以帮您

用户输入：退出

感谢你的来电，再见

在第75行，脚本遇到退出命令，结束运行


Thu Dec 30 12:07:37 2021
脚本解释执行结束
********************************************
********************************************
Thu Dec 30 12:07:57 2021
脚本开始解释执行
当前运行的脚本是:./script/t0.txt


********************************************
Thu Dec 30 12:07:57 2021
脚本开始解释执行

用户输入：投诉

script/t2.txt


您的意见是我们改进工作的动力，请问您还有什么补充


Thu Dec 30 12:07:57 2021
脚本解释执行结束
********************************************
********************************************
Thu Dec 30 14:25:46 2021
脚本开始解释执行
当前运行的脚本是:./script/t0.txt


你好,请问有什么可以帮您

用户输入：dbbnz

对不起，无法理解您所说的内容，请说再一遍
你好,请问有什么可以帮您

用户输入：

没听清您的要求，请说再一遍
你好,请问有什么可以帮您

用户输入：投诉

您的意见是我们改进工作的动力，请问您还有什么补充

用户输入：nvindas

你好,请问有什么可以帮您

用户输入：账单

请输入你的账户

用户输入：rcx

您的本月账单是20.0元
你好,请问有什么可以帮您

用户输入：充值

请输入充值账户

用户输入：rcx

您的余额目前是103.0元
请输入充值金额

用户输入：15.0

充值中，请稍等
您的余额目前是118.0元
你好,请问有什么可以帮您

用户输入：退出

感谢你的来电，再见

在第75行，脚本遇到退出命令，结束运行


Thu Dec 30 14:28:37 2021
脚本解释执行结束
********************************************
********************************************
Thu Dec 30 14:30:10 2021
脚本开始解释执行
当前运行的脚本是:./script/t2.txt


您本月的账单是20.0


Thu Dec 30 14:30:10 2021
脚本解释执行结束
********************************************
********************************************
Thu Dec 30 14:31:16 2021
脚本开始解释执行
当前运行的脚本是:./script/t0.txt


你好,请问有什么可以帮您

用户输入：投诉

您的意见是我们改进工作的动力，请问您还有什么补充

用户输入：fdhinac

你好,请问有什么可以帮您

用户输入：投诉

您的意见是我们改进工作的动力，请问您还有什么补充

用户输入：

你好,请问有什么可以帮您

用户输入：充值

请输入充值账户

用户输入：rcx

您的余额目前是118.0元
请输入充值金额

用户输入：3.0

充值中，请稍等
您的余额目前是121.0元
你好,请问有什么可以帮您

用户输入：账单

请输入你的账户

用户输入：rcx

您的本月账单是20.0元
你好,请问有什么可以帮您

用户输入：投诉

您的意见是我们改进工作的动力，请问您还有什么补充

用户输入：xixixiixxxisovnsnd

你好,请问有什么可以帮您

用户输入：退出

感谢你的来电，再见

在第75行，脚本遇到退出命令，结束运行


Thu Dec 30 14:31:22 2021
脚本解释执行结束
********************************************
********************************************
Thu Dec 30 14:36:02 2021
脚本开始解释执行
不存在该脚本或脚本有词法错误


Thu Dec 30 14:36:02 2021
脚本解释执行结束
********************************************
********************************************
Thu Dec 30 14:36:51 2021
脚本开始解释执行
不存在该脚本或脚本有词法错误


Thu Dec 30 14:36:51 2021
脚本解释执行结束
********************************************
********************************************
Thu Dec 30 14:37:45 2021
脚本开始解释执行
当前运行的脚本是:./script/t1.txt


我爱你
该脚本有语法错误，在第18行


Thu Dec 30 14:37:45 2021
脚本解释执行结束
********************************************
********************************************
Thu Dec 30 14:38:19 2021
脚本开始解释执行
当前运行的脚本是:./script/t1.txt


我爱你
非法操作，在第32行


Thu Dec 30 14:38:19 2021
脚本解释执行结束
********************************************
********************************************
Fri Dec 31 16:06:00 2021
脚本开始解释执行
当前运行的脚本是:./script/t0.txt


你好,请问有什么可以帮您
********************************************
Fri Dec 31 16:08:52 2021
脚本开始解释执行
当前运行的脚本是:./script/t0.txt


你好,请问有什么可以帮您

用户输入：投诉

您的意见是我们改进工作的动力，请问您还有什么补充

用户输入：fdhinac

你好,请问有什么可以帮您

用户输入：投诉

您的意见是我们改进工作的动力，请问您还有什么补充

用户输入：

你好,请问有什么可以帮您

用户输入：充值

请输入充值账户

用户输入：rcx

您的余额目前是121.0元
请输入充值金额

用户输入：3.0

充值中，请稍等
您的余额目前是124.0元
你好,请问有什么可以帮您

用户输入：账单

请输入你的账户

用户输入：rcx

您的本月账单是20.0元
你好,请问有什么可以帮您

用户输入：投诉

您的意见是我们改进工作的动力，请问您还有什么补充

用户输入：xixixiixxxisovnsnd

你好,请问有什么可以帮您

用户输入：退出

感谢你的来电，再见

在第75行，脚本遇到退出命令，结束运行


Fri Dec 31 16:08:57 2021
脚本解释执行结束
********************************************
********************************************
Fri Dec 31 16:12:49 2021
脚本开始解释执行
当前运行的脚本是:./script/t0.txt


你好,请问有什么可以帮您

用户输入：投诉

您的意见是我们改进工作的动力，请问您还有什么补充

用户输入：fdhinac

你好,请问有什么可以帮您

用户输入：投诉

您的意见是我们改进工作的动力，请问您还有什么补充

用户输入：

你好,请问有什么可以帮您

用户输入：充值

请输入充值账户

用户输入：rcx

您的余额目前是124.0元
请输入充值金额

用户输入：3.0

充值中，请稍等
您的余额目前是127.0元
你好,请问有什么可以帮您

用户输入：账单

请输入你的账户

用户输入：rcx

您的本月账单是20.0元
你好,请问有什么可以帮您

用户输入：投诉

您的意见是我们改进工作的动力，请问您还有什么补充

用户输入：xixixiixxxisovnsnd

你好,请问有什么可以帮您

用户输入：退出

感谢你的来电，再见

在第75行，脚本遇到退出命令，结束运行


Fri Dec 31 16:12:54 2021
脚本解释执行结束
********************************************
********************************************
Fri Dec 31 16:14:11 2021
脚本开始解释执行
当前运行的脚本是:./script/t0.txt


你好,请问有什么可以帮您

用户输入：投诉

您的意见是我们改进工作的动力，请问您还有什么补充

用户输入：fdhinac

你好,请问有什么可以帮您

用户输入：投诉

您的意见是我们改进工作的动力，请问您还有什么补充

用户输入：

你好,请问有什么可以帮您

用户输入：充值

请输入充值账户

用户输入：rcx

您的余额目前是127.0元
请输入充值金额

用户输入：3.0

充值中，请稍等
您的余额目前是130.0元
你好,请问有什么可以帮您

用户输入：账单

请输入你的账户

用户输入：rcx

您的本月账单是20.0元
你好,请问有什么可以帮您

用户输入：投诉

您的意见是我们改进工作的动力，请问您还有什么补充

用户输入：xixixiixxxisovnsnd

你好,请问有什么可以帮您

用户输入：退出

感谢你的来电，再见

在第75行，脚本遇到退出命令，结束运行


Fri Dec 31 16:14:16 2021
脚本解释执行结束
********************************************
********************************************
Fri Dec 31 16:14:31 2021
脚本开始解释执行
********************************************
Fri Dec 31 16:16:34 2021
脚本开始解释执行
当前运行的脚本是:./script/t1.txt


非法操作，在第33行


Fri Dec 31 16:16:34 2021
脚本解释执行结束
********************************************
********************************************
Fri Dec 31 16:16:35 2021
脚本开始解释执行
当前运行的脚本是:./script/t1.txt


非法操作，在第33行


Fri Dec 31 16:16:35 2021
脚本解释执行结束
********************************************
********************************************
Fri Dec 31 16:16:50 2021
脚本开始解释执行
当前运行的脚本是:./script/t1.txt


非法操作，在第33行


Fri Dec 31 16:16:50 2021
脚本解释执行结束
********************************************
********************************************
Fri Dec 31 16:17:37 2021
脚本开始解释执行
********************************************
Fri Dec 31 16:18:48 2021
脚本开始解释执行
当前运行的脚本是:./script/t1.txt


非法操作，在第33行


Fri Dec 31 16:18:48 2021
脚本解释执行结束
********************************************
********************************************
Fri Dec 31 16:21:19 2021
脚本开始解释执行
当前运行的脚本是:./script/t1.txt


该脚本有词法错误，错误出现在第6行


Fri Dec 31 16:21:19 2021
脚本解释执行结束
********************************************
不存在该脚本或脚本有词法错误


Fri Dec 31 16:21:19 2021
脚本解释执行结束
********************************************
********************************************
Fri Dec 31 16:21:45 2021
脚本开始解释执行
当前运行的脚本是:./script/t1.txt


该脚本有词法错误，错误出现在第6行


Fri Dec 31 16:21:45 2021
脚本解释执行结束
********************************************
不存在该脚本或脚本有词法错误


Fri Dec 31 16:21:45 2021
脚本解释执行结束
********************************************
********************************************
Fri Dec 31 16:22:36 2021
脚本开始解释执行
当前运行的脚本是:./script/t1.txt


该脚本有词法错误，错误出现在第6行


Fri Dec 31 16:22:36 2021
脚本解释执行结束
********************************************
不存在该脚本或脚本有词法错误


Fri Dec 31 16:22:36 2021
脚本解释执行结束
********************************************
********************************************
Fri Dec 31 16:47:33 2021
脚本开始解释执行
当前运行的脚本是:./script/t1.txt


该脚本有词法错误，错误出现在第6行


Fri Dec 31 16:47:33 2021
脚本解释执行结束
********************************************
不存在该脚本或脚本有词法错误


Fri Dec 31 16:47:33 2021
脚本解释执行结束
********************************************
********************************************
Fri Dec 31 16:47:42 2021
脚本开始解释执行
当前运行的脚本是:./script/t1.txt


该脚本有语法错误，在第24行


Fri Dec 31 16:47:42 2021
脚本解释执行结束
********************************************
********************************************
Fri Dec 31 16:50:11 2021
脚本开始解释执行
当前运行的脚本是:./script/t1.txt


非法操作，在第34行


Fri Dec 31 16:50:11 2021
脚本解释执行结束
********************************************
********************************************
Fri Dec 31 16:54:04 2021
脚本开始解释执行
当前运行的脚本是:./script/t1.txt


该脚本有词法错误，错误出现在第1行


Fri Dec 31 16:54:04 2021
脚本解释执行结束
********************************************
不存在该脚本或脚本有词法错误


Fri Dec 31 16:54:04 2021
脚本解释执行结束
********************************************
********************************************
Wed Feb  8 12:31:43 2023
脚本开始解释执行
当前运行的脚本是:./script/t0.txt


你好,请问有什么可以帮您

用户输入：nishi 

对不起，无法理解您所说的内容，请说再一遍
你好,请问有什么可以帮您

用户输入：

没听清您的要求，请说再一遍
你好,请问有什么可以帮您

用户输入：

没听清您的要求，请说再一遍
你好,请问有什么可以帮您

用户输入：

没听清您的要求，请说再一遍
你好,请问有什么可以帮您

用户输入：

没听清您的要求，请说再一遍
你好,请问有什么可以帮您

用户输入：结束

对不起，无法理解您所说的内容，请说再一遍
你好,请问有什么可以帮您

用户输入：1

对不起，无法理解您所说的内容，请说再一遍
你好,请问有什么可以帮您

用户输入：2

对不起，无法理解您所说的内容，请说再一遍
你好,请问有什么可以帮您

用户输入：退出

感谢你的来电，再见

在第75行，脚本遇到退出命令，结束运行


Wed Feb  8 12:33:25 2023
脚本解释执行结束
********************************************
********************************************
Thu Feb  9 13:16:07 2023
脚本开始解释执行
当前运行的脚本是:./script/t0.txt


你好,请问有什么可以帮您

用户输入：投诉

您的意见是我们改进工作的动力，请问您还有什么补充

用户输入：fdhinac

你好,请问有什么可以帮您

用户输入：投诉

您的意见是我们改进工作的动力，请问您还有什么补充

用户输入：

你好,请问有什么可以帮您

用户输入：充值

请输入充值账户

用户输入：rcx

您的余额目前是130.0元
请输入充值金额

用户输入：3.0

充值中，请稍等
您的余额目前是133.0元
你好,请问有什么可以帮您

用户输入：账单

请输入你的账户

用户输入：rcx

您的本月账单是20.0元
你好,请问有什么可以帮您

用户输入：投诉

您的意见是我们改进工作的动力，请问您还有什么补充

用户输入：xixixiixxxisovnsnd

你好,请问有什么可以帮您

用户输入：退出

感谢你的来电，再见

在第75行，脚本遇到退出命令，结束运行


Thu Feb  9 13:16:12 2023
脚本解释执行结束
********************************************
